<?xml version="1.0" encoding="UTF-8"?>
<!-- Generated by org.testng.reporters.JUnitXMLReporter -->
<testsuite hostname="DESKTOP-U11RFUB" ignored="0" name="Test" tests="4" failures="0" timestamp="2022-08-26T11:30:06 IST" time="14.563" errors="0">
  <testcase name="launchGoogle1" time="4.408" classname="testngpack.Class3"/>
  <testcase name="launchGoogle1" time="2.847" classname="testngpack.Class2"/>
  <testcase name="launchGoogle1" time="3.149" classname="testngpack.Class1"/>
  <testcase name="launchGoogle1" time="4.101" classname="testngpack.Class4"/>
</testsuite> <!-- Test -->
