<?xml version="1.0" encoding="UTF-8"?>
<!-- Generated by org.testng.reporters.JUnitXMLReporter -->
<testsuite hostname="DESKTOP-U11RFUB" ignored="2" name="Test(failed)(failed)" tests="1" failures="1" timestamp="2022-09-14T10:29:54 IST" time="0.073" errors="0">
  <testcase name="method4" time="0.012" classname="testngpack.FirstTestNG">
    <failure type="java.lang.ArithmeticException" message="/ by zero">
      <![CDATA[java.lang.ArithmeticException: / by zero
at testngpack.FirstTestNG.method4(FirstTestNG.java:28)
at java.util.ArrayList.forEach(Unknown Source)
... Removed 27 stack frames]]>
    </failure>
  </testcase> <!-- method4 -->
  <testcase name="method1" time="0.0" classname="testngpack.FirstTestNG">
    <ignored/>
  </testcase> <!-- method1 -->
  <testcase name="method3" time="0.0" classname="testngpack.FirstTestNG">
    <ignored/>
  </testcase> <!-- method3 -->
</testsuite> <!-- Test(failed)(failed) -->
